#
# There is insufficient memory for the Java Runtime Environment to continue.
# Native memory allocation (mmap) failed to map 2113929216 bytes for committing reserved memory.
# Possible reasons:
#   The system is out of physical RAM or swap space
#   The process is running with CompressedOops enabled, and the Java Heap may be blocking the growth of the native heap
# Possible solutions:
#   Reduce memory load on the system
#   Increase physical memory or swap space
#   Check if swap backing store is full
#   Decrease Java heap size (-Xmx/-Xms)
#   Decrease number of Java threads
#   Decrease Java thread stack sizes (-Xss)
#   Set larger code cache with -XX:ReservedCodeCacheSize=
# This output file may be truncated or incomplete.
#
#  Out of Memory Error (os_linux.cpp:2647), pid=52465, tid=52466
#
# JRE version:  (9.0+181) (build )
# Java VM: Java HotSpot(TM) 64-Bit Server VM (9+181, mixed mode, aot, tiered, compressed oops, g1 gc, linux-amd64)
# Core dump will be written. Default location: Core dumps may be processed with "/usr/share/apport/apport %p %s %c %d %P" (or dumping to /home/cseadmin/sty/project2/pcg-gym/pcg_gym/envs/core.52465)
#

---------------  S U M M A R Y ------------

Command Line: /home/cseadmin/sty/project2/pcg-gym/pcg_gym/envs/Mario-AI-Framework-master.jar /home/cseadmin/sty/project2/pcg-gym/pcg_gym/envs/test_pool/6380190 6869 1

Host: Intel(R) Xeon(R) Gold 6240 CPU @ 2.60GHz, 64 cores, 125G, Ubuntu 18.04.4 LTS
Time: Sun Jun 27 19:34:17 2021 CST elapsed time: 0 seconds (0d 0h 0m 0s)

---------------  T H R E A D  ---------------

Current thread (0x00007fd568012800):  JavaThread "Unknown thread" [_thread_in_vm, id=52466, stack(0x00007fd572397000,0x00007fd572496000)]

Stack: [0x00007fd572397000,0x00007fd572496000],  sp=0x00007fd572494260,  free space=1012k
Native frames: (J=compiled Java code, A=aot compiled Java code, j=interpreted, Vv=VM code, C=native code)
V  [libjvm.so+0xd4c1a2]  VMError::report_and_die(int, char const*, char const*, __va_list_tag*, Thread*, unsigned char*, void*, void*, char const*, int, unsigned long)+0x162
V  [libjvm.so+0xd4ce0b]  VMError::report_and_die(Thread*, char const*, int, unsigned long, VMErrorType, char const*, __va_list_tag*)+0x2b
V  [libjvm.so+0x6548f8]  report_vm_out_of_memory(char const*, int, unsigned long, VMErrorType, char const*, ...)+0xd8
V  [libjvm.so+0xb67ee1]  os::pd_commit_memory_or_exit(char*, unsigned long, unsigned long, bool, char const*)+0x101
V  [libjvm.so+0xb6256d]  os::commit_memory_or_exit(char*, unsigned long, unsigned long, bool, char const*)+0x1d
V  [libjvm.so+0x7632a2]  G1PageBasedVirtualSpace::commit_preferred_pages(unsigned long, unsigned long)+0x62
V  [libjvm.so+0x7635be]  G1PageBasedVirtualSpace::commit(unsigned long, unsigned long)+0x11e
V  [libjvm.so+0x766523]  G1RegionsLargerThanCommitSizeMapper::commit_regions(unsigned int, unsigned long, WorkGang*)+0x43
V  [libjvm.so+0x7f741c]  HeapRegionManager::commit_regions(unsigned int, unsigned long, WorkGang*)+0x7c
V  [libjvm.so+0x7f7fe4]  HeapRegionManager::make_regions_available(unsigned int, unsigned int, WorkGang*)+0x34
V  [libjvm.so+0x7f8501]  HeapRegionManager::expand_by(unsigned int, WorkGang*)+0x71
V  [libjvm.so+0x729897]  G1CollectedHeap::expand(unsigned long, WorkGang*, double*)+0xd7
V  [libjvm.so+0x72c74a]  G1CollectedHeap::initialize()+0x6da
V  [libjvm.so+0xd0b9df]  Universe::initialize_heap()+0x2f
V  [libjvm.so+0xd0bf56]  universe_init()+0x46
V  [libjvm.so+0x80f077]  init_globals()+0x57
V  [libjvm.so+0xced94e]  Threads::create_vm(JavaVMInitArgs*, bool*)+0x2ae
V  [libjvm.so+0x8ad9ec]  JNI_CreateJavaVM+0x5c
C  [libjli.so+0x3a01]  JavaMain+0x81
C  [libpthread.so.0+0x76db]  start_thread+0xdb


---------------  P R O C E S S  ---------------

Java Threads: ( => current thread )

Other Threads:
  0x00007fd56802c800 GCTaskThread "GC Thread#0" [stack: 0x00007fd56e9a8000,0x00007fd56eaa8000] [id=52467]
  0x00007fd56802e000 GCTaskThread "GC Thread#1" [stack: 0x00007fd56e8a6000,0x00007fd56e9a6000] [id=52468]
  0x00007fd568030000 GCTaskThread "GC Thread#2" [stack: 0x00007fd56e7a4000,0x00007fd56e8a4000] [id=52469]
  0x00007fd568031800 GCTaskThread "GC Thread#3" [stack: 0x00007fd56e6a2000,0x00007fd56e7a2000] [id=52470]
  0x00007fd568033800 GCTaskThread "GC Thread#4" [stack: 0x00007fd56e5a0000,0x00007fd56e6a0000] [id=52471]
  0x00007fd568035000 GCTaskThread "GC Thread#5" [stack: 0x00007fd56e49e000,0x00007fd56e59e000] [id=52472]
  0x00007fd568037000 GCTaskThread "GC Thread#6" [stack: 0x00007fd56e39c000,0x00007fd56e49c000] [id=52473]
  0x00007fd568038800 GCTaskThread "GC Thread#7" [stack: 0x00007fd56e29a000,0x00007fd56e39a000] [id=52474]
  0x00007fd56803a000 GCTaskThread "GC Thread#8" [stack: 0x00007fd56e198000,0x00007fd56e298000] [id=52475]
  0x00007fd56803c000 GCTaskThread "GC Thread#9" [stack: 0x00007fd56e096000,0x00007fd56e196000] [id=52476]
  0x00007fd56803d800 GCTaskThread "GC Thread#10" [stack: 0x00007fd56df94000,0x00007fd56e094000] [id=52477]
  0x00007fd56803f800 GCTaskThread "GC Thread#11" [stack: 0x00007fd56de92000,0x00007fd56df92000] [id=52478]
  0x00007fd568041000 GCTaskThread "GC Thread#12" [stack: 0x00007fd56dd90000,0x00007fd56de90000] [id=52479]
  0x00007fd568043000 GCTaskThread "GC Thread#13" [stack: 0x00007fd56dc8e000,0x00007fd56dd8e000] [id=52480]
  0x00007fd568044800 GCTaskThread "GC Thread#14" [stack: 0x00007fd56db8c000,0x00007fd56dc8c000] [id=52481]
  0x00007fd568046800 GCTaskThread "GC Thread#15" [stack: 0x00007fd56da8a000,0x00007fd56db8a000] [id=52482]
  0x00007fd568048000 GCTaskThread "GC Thread#16" [stack: 0x00007fd56d988000,0x00007fd56da88000] [id=52483]
  0x00007fd56804a000 GCTaskThread "GC Thread#17" [stack: 0x00007fd56d886000,0x00007fd56d986000] [id=52484]
  0x00007fd56804b800 GCTaskThread "GC Thread#18" [stack: 0x00007fd56d784000,0x00007fd56d884000] [id=52485]
  0x00007fd56804d000 GCTaskThread "GC Thread#19" [stack: 0x00007fd56d682000,0x00007fd56d782000] [id=52486]
  0x00007fd56804f000 GCTaskThread "GC Thread#20" [stack: 0x00007fd56d580000,0x00007fd56d680000] [id=52487]
  0x00007fd568050800 GCTaskThread "GC Thread#21" [stack: 0x00007fd56d47e000,0x00007fd56d57e000] [id=52488]
  0x00007fd568052800 GCTaskThread "GC Thread#22" [stack: 0x00007fd56d37c000,0x00007fd56d47c000] [id=52489]
  0x00007fd568054000 GCTaskThread "GC Thread#23" [stack: 0x00007fd56d27a000,0x00007fd56d37a000] [id=52490]
  0x00007fd568056000 GCTaskThread "GC Thread#24" [stack: 0x00007fd56d178000,0x00007fd56d278000] [id=52491]
  0x00007fd568057800 GCTaskThread "GC Thread#25" [stack: 0x00007fd56d076000,0x00007fd56d176000] [id=52492]
  0x00007fd568059800 GCTaskThread "GC Thread#26" [stack: 0x00007fd56cf74000,0x00007fd56d074000] [id=52493]
  0x00007fd56805b000 GCTaskThread "GC Thread#27" [stack: 0x00007fd56ce72000,0x00007fd56cf72000] [id=52494]
  0x00007fd56805c800 GCTaskThread "GC Thread#28" [stack: 0x00007fd56cd70000,0x00007fd56ce70000] [id=52495]
  0x00007fd56805e800 GCTaskThread "GC Thread#29" [stack: 0x00007fd56cc6e000,0x00007fd56cd6e000] [id=52496]
  0x00007fd568060000 GCTaskThread "GC Thread#30" [stack: 0x00007fd56cb6c000,0x00007fd56cc6c000] [id=52497]
  0x00007fd568062000 GCTaskThread "GC Thread#31" [stack: 0x00007fd56ca6a000,0x00007fd56cb6a000] [id=52498]
  0x00007fd568063800 GCTaskThread "GC Thread#32" [stack: 0x00007fd56c968000,0x00007fd56ca68000] [id=52499]
  0x00007fd568065800 GCTaskThread "GC Thread#33" [stack: 0x00007fd56c866000,0x00007fd56c966000] [id=52500]
  0x00007fd568067000 GCTaskThread "GC Thread#34" [stack: 0x00007fd56c764000,0x00007fd56c864000] [id=52501]
  0x00007fd568069000 GCTaskThread "GC Thread#35" [stack: 0x00007fd56c662000,0x00007fd56c762000] [id=52502]
  0x00007fd56806a800 GCTaskThread "GC Thread#36" [stack: 0x00007fd56c560000,0x00007fd56c660000] [id=52503]
  0x00007fd56806c800 GCTaskThread "GC Thread#37" [stack: 0x00007fd56c45e000,0x00007fd56c55e000] [id=52504]
  0x00007fd56806e000 GCTaskThread "GC Thread#38" [stack: 0x00007fd56c35c000,0x00007fd56c45c000] [id=52505]
  0x00007fd56806f800 GCTaskThread "GC Thread#39" [stack: 0x00007fd56c25a000,0x00007fd56c35a000] [id=52506]
  0x00007fd568071800 GCTaskThread "GC Thread#40" [stack: 0x00007fd56c158000,0x00007fd56c258000] [id=52507]
  0x00007fd568073000 GCTaskThread "GC Thread#41" [stack: 0x00007fd56c056000,0x00007fd56c156000] [id=52508]
  0x00007fd568075000 GCTaskThread "GC Thread#42" [stack: 0x00007fd54da48000,0x00007fd54db48000] [id=52509]
  0x00007fd568107000 ConcurrentGCThread "G1 Main Marker" [stack: 0x00007fd49c0a7000,0x00007fd49c1a7000] [id=52554]
  0x00007fd568108800 ConcurrentGCThread "G1 Marker#0" [stack: 0x00007fd3a04b2000,0x00007fd3a05b2000] [id=52555]
  0x00007fd56810a800 ConcurrentGCThread "G1 Marker#1" [stack: 0x00007fd3a03b0000,0x00007fd3a04b0000] [id=52556]
  0x00007fd56810c000 ConcurrentGCThread "G1 Marker#2" [stack: 0x00007fd3a02ae000,0x00007fd3a03ae000] [id=52557]
  0x00007fd56810e000 ConcurrentGCThread "G1 Marker#3" [stack: 0x00007fd3a01ac000,0x00007fd3a02ac000] [id=52558]
  0x00007fd56810f800 ConcurrentGCThread "G1 Marker#4" [stack: 0x00007fd3a00aa000,0x00007fd3a01aa000] [id=52559]
  0x00007fd568111800 ConcurrentGCThread "G1 Marker#5" [stack: 0x00007fd38bf00000,0x00007fd38c000000] [id=52560]
  0x00007fd568113000 ConcurrentGCThread "G1 Marker#6" [stack: 0x00007fd38bdfe000,0x00007fd38befe000] [id=52561]
  0x00007fd568115000 ConcurrentGCThread "G1 Marker#7" [stack: 0x00007fd38bcfc000,0x00007fd38bdfc000] [id=52562]
  0x00007fd568116800 ConcurrentGCThread "G1 Marker#8" [stack: 0x00007fd38bbfa000,0x00007fd38bcfa000] [id=52563]
  0x00007fd568118000 ConcurrentGCThread "G1 Marker#9" [stack: 0x00007fd38baf8000,0x00007fd38bbf8000] [id=52564]
  0x00007fd56811a000 ConcurrentGCThread "G1 Marker#10" [stack: 0x00007fd38b9f6000,0x00007fd38baf6000] [id=52565]
  0x00007fd5680c3000 ConcurrentGCThread "G1 Refine#0" [stack: 0x00007fd49c39b000,0x00007fd49c49b000] [id=52552]
  0x00007fd5680c1000 ConcurrentGCThread "G1 Refine#1" [stack: 0x00007fd49c49d000,0x00007fd49c59d000] [id=52551]
  0x00007fd5680bf800 ConcurrentGCThread "G1 Refine#2" [stack: 0x00007fd49c59f000,0x00007fd49c69f000] [id=52550]
  0x00007fd5680bd800 ConcurrentGCThread "G1 Refine#3" [stack: 0x00007fd49c6a1000,0x00007fd49c7a1000] [id=52549]
  0x00007fd5680bc000 ConcurrentGCThread "G1 Refine#4" [stack: 0x00007fd49c7a3000,0x00007fd49c8a3000] [id=52548]
  0x00007fd5680ba000 ConcurrentGCThread "G1 Refine#5" [stack: 0x00007fd49c8a5000,0x00007fd49c9a5000] [id=52547]
  0x00007fd5680b8800 ConcurrentGCThread "G1 Refine#6" [stack: 0x00007fd49c9a7000,0x00007fd49caa7000] [id=52546]
  0x00007fd5680b6800 ConcurrentGCThread "G1 Refine#7" [stack: 0x00007fd49caa9000,0x00007fd49cba9000] [id=52545]
  0x00007fd5680b5000 ConcurrentGCThread "G1 Refine#8" [stack: 0x00007fd49cbab000,0x00007fd49ccab000] [id=52544]
  0x00007fd5680b3000 ConcurrentGCThread "G1 Refine#9" [stack: 0x00007fd49ccad000,0x00007fd49cdad000] [id=52543]
  0x00007fd5680b1000 ConcurrentGCThread "G1 Refine#10" [stack: 0x00007fd49cdaf000,0x00007fd49ceaf000] [id=52542]
  0x00007fd5680af800 ConcurrentGCThread "G1 Refine#11" [stack: 0x00007fd49ceb1000,0x00007fd49cfb1000] [id=52541]
  0x00007fd5680ad800 ConcurrentGCThread "G1 Refine#12" [stack: 0x00007fd49cfb3000,0x00007fd49d0b3000] [id=52540]
  0x00007fd5680ac000 ConcurrentGCThread "G1 Refine#13" [stack: 0x00007fd49d0b5000,0x00007fd49d1b5000] [id=52539]
  0x00007fd5680aa000 ConcurrentGCThread "G1 Refine#14" [stack: 0x00007fd49d1b7000,0x00007fd49d2b7000] [id=52538]
  0x00007fd5680a8800 ConcurrentGCThread "G1 Refine#15" [stack: 0x00007fd49d2b9000,0x00007fd49d3b9000] [id=52537]
  0x00007fd5680a6800 ConcurrentGCThread "G1 Refine#16" [stack: 0x00007fd49d3bb000,0x00007fd49d4bb000] [id=52536]
  0x00007fd5680a5000 ConcurrentGCThread "G1 Refine#17" [stack: 0x00007fd49d4bd000,0x00007fd49d5bd000] [id=52535]
  0x00007fd5680a3000 ConcurrentGCThread "G1 Refine#18" [stack: 0x00007fd49d5bf000,0x00007fd49d6bf000] [id=52534]
  0x00007fd5680a1800 ConcurrentGCThread "G1 Refine#19" [stack: 0x00007fd49d6c1000,0x00007fd49d7c1000] [id=52533]
  0x00007fd56809f800 ConcurrentGCThread "G1 Refine#20" [stack: 0x00007fd49d7c3000,0x00007fd49d8c3000] [id=52532]
  0x00007fd56809d800 ConcurrentGCThread "G1 Refine#21" [stack: 0x00007fd49d8c5000,0x00007fd49d9c5000] [id=52531]
  0x00007fd56809c000 ConcurrentGCThread "G1 Refine#22" [stack: 0x00007fd49d9c7000,0x00007fd49dac7000] [id=52530]
  0x00007fd56809a000 ConcurrentGCThread "G1 Refine#23" [stack: 0x00007fd49dac9000,0x00007fd49dbc9000] [id=52529]
  0x00007fd568098800 ConcurrentGCThread "G1 Refine#24" [stack: 0x00007fd49dbcb000,0x00007fd49dccb000] [id=52528]
  0x00007fd568096800 ConcurrentGCThread "G1 Refine#25" [stack: 0x00007fd49dccd000,0x00007fd49ddcd000] [id=52527]
  0x00007fd568095000 ConcurrentGCThread "G1 Refine#26" [stack: 0x00007fd49ddcf000,0x00007fd49decf000] [id=52526]
  0x00007fd568093000 ConcurrentGCThread "G1 Refine#27" [stack: 0x00007fd49ded1000,0x00007fd49dfd1000] [id=52525]
  0x00007fd568091800 ConcurrentGCThread "G1 Refine#28" [stack: 0x00007fd49dfd3000,0x00007fd49e0d3000] [id=52524]
  0x00007fd56808f800 ConcurrentGCThread "G1 Refine#29" [stack: 0x00007fd49e0d5000,0x00007fd49e1d5000] [id=52523]
  0x00007fd56808d800 ConcurrentGCThread "G1 Refine#30" [stack: 0x00007fd49e1d7000,0x00007fd49e2d7000] [id=52522]
  0x00007fd56808c000 ConcurrentGCThread "G1 Refine#31" [stack: 0x00007fd49e2d9000,0x00007fd49e3d9000] [id=52521]
  0x00007fd56808a000 ConcurrentGCThread "G1 Refine#32" [stack: 0x00007fd49e3db000,0x00007fd49e4db000] [id=52520]
  0x00007fd568088800 ConcurrentGCThread "G1 Refine#33" [stack: 0x00007fd49e4dd000,0x00007fd49e5dd000] [id=52519]
  0x00007fd568086800 ConcurrentGCThread "G1 Refine#34" [stack: 0x00007fd49e5df000,0x00007fd49e6df000] [id=52518]
  0x00007fd568085000 ConcurrentGCThread "G1 Refine#35" [stack: 0x00007fd49e6e1000,0x00007fd49e7e1000] [id=52517]
  0x00007fd568083000 ConcurrentGCThread "G1 Refine#36" [stack: 0x00007fd49e7e3000,0x00007fd49e8e3000] [id=52516]
  0x00007fd568081800 ConcurrentGCThread "G1 Refine#37" [stack: 0x00007fd49e8e5000,0x00007fd49e9e5000] [id=52515]
  0x00007fd56807f800 ConcurrentGCThread "G1 Refine#38" [stack: 0x00007fd49e9e7000,0x00007fd49eae7000] [id=52514]
  0x00007fd56807e000 ConcurrentGCThread "G1 Refine#39" [stack: 0x00007fd49eae9000,0x00007fd49ebe9000] [id=52513]
  0x00007fd56807c000 ConcurrentGCThread "G1 Refine#40" [stack: 0x00007fd49ebeb000,0x00007fd49eceb000] [id=52512]
  0x00007fd56807a000 ConcurrentGCThread "G1 Refine#41" [stack: 0x00007fd49eced000,0x00007fd49eded000] [id=52511]
  0x00007fd568078800 ConcurrentGCThread "G1 Refine#42" [stack: 0x00007fd49edef000,0x00007fd49eeef000] [id=52510]
  0x00007fd5680c4800 ConcurrentGCThread "G1 Young RemSet Sampling" [stack: 0x00007fd49c299000,0x00007fd49c399000] [id=52553]

=>0x00007fd568012800 (exited) JavaThread "Unknown thread" [_thread_in_vm, id=52466, stack(0x00007fd572397000,0x00007fd572496000)]

Threads with active compile tasks:

VM state:not at safepoint (not fully initialized)

VM Mutex/Monitor currently owned by a thread:  ([mutex/lock_event])
[0x00007fd56800f310] Heap_lock - owner thread: 0x00007fd568012800

Heap address: 0x0000000082000000, size: 30688 MB, Compressed Oops mode: Non-zero based: 0x0000000082000000
Narrow klass base: 0x0000000000000000, Narrow klass shift: 0

GC Heap History (0 events):
No events

Deoptimization events (0 events):
No events

Classes redefined (0 events):
No events

Internal exceptions (0 events):
No events

Events (0 events):
No events


Dynamic libraries:
00400000-00401000 r-xp 00000000 fd:00 408866302                          /home/cseadmin/java/jdk-9/bin/java
00600000-00601000 rw-p 00000000 fd:00 408866302                          /home/cseadmin/java/jdk-9/bin/java
0237f000-023a0000 rw-p 00000000 00:00 0                                  [heap]
100000000-800000000 ---p 00000000 00:00 0 
7fd368000000-7fd368021000 rw-p 00000000 00:00 0 
7fd368021000-7fd36c000000 ---p 00000000 00:00 0 
7fd36eac0000-7fd370000000 rw-p 00000000 00:00 0 
7fd370000000-7fd370021000 rw-p 00000000 00:00 0 
7fd370021000-7fd374000000 ---p 00000000 00:00 0 
7fd374000000-7fd374021000 rw-p 00000000 00:00 0 
7fd374021000-7fd378000000 ---p 00000000 00:00 0 
7fd378000000-7fd378021000 rw-p 00000000 00:00 0 
7fd378021000-7fd37c000000 ---p 00000000 00:00 0 
7fd37c000000-7fd37c021000 rw-p 00000000 00:00 0 
7fd37c021000-7fd380000000 ---p 00000000 00:00 0 
7fd380000000-7fd380021000 rw-p 00000000 00:00 0 
7fd380021000-7fd384000000 ---p 00000000 00:00 0 
7fd384000000-7fd384021000 rw-p 00000000 00:00 0 
7fd384021000-7fd388000000 ---p 00000000 00:00 0 
7fd3880db000-7fd3899f4000 rw-p 00000000 00:00 0 
7fd3899f4000-7fd38b9f4000 rwxp 00000000 00:00 0 
7fd38b9f4000-7fd38b9f5000 ---p 00000000 00:00 0 
7fd38b9f5000-7fd38baf6000 rw-p 00000000 00:00 0 
7fd38baf6000-7fd38baf7000 ---p 00000000 00:00 0 
7fd38baf7000-7fd38bbf8000 rw-p 00000000 00:00 0 
7fd38bbf8000-7fd38bbf9000 ---p 00000000 00:00 0 
7fd38bbf9000-7fd38bcfa000 rw-p 00000000 00:00 0 
7fd38bcfa000-7fd38bcfb000 ---p 00000000 00:00 0 
7fd38bcfb000-7fd38bdfc000 rw-p 00000000 00:00 0 
7fd38bdfc000-7fd38bdfd000 ---p 00000000 00:00 0 
7fd38bdfd000-7fd38befe000 rw-p 00000000 00:00 0 
7fd38befe000-7fd38beff000 ---p 00000000 00:00 0 
7fd38beff000-7fd38c000000 rw-p 00000000 00:00 0 
7fd38c000000-7fd38c021000 rw-p 00000000 00:00 0 
7fd38c021000-7fd390000000 ---p 00000000 00:00 0 
7fd390000000-7fd390021000 rw-p 00000000 00:00 0 
7fd390021000-7fd394000000 ---p 00000000 00:00 0 
7fd394000000-7fd394021000 rw-p 00000000 00:00 0 
7fd394021000-7fd398000000 ---p 00000000 00:00 0 
7fd398000000-7fd398021000 rw-p 00000000 00:00 0 
7fd398021000-7fd39c000000 ---p 00000000 00:00 0 
7fd39c000000-7fd39c021000 rw-p 00000000 00:00 0 
7fd39c021000-7fd3a0000000 ---p 00000000 00:00 0 
7fd3a00a8000-7fd3a00a9000 ---p 00000000 00:00 0 
7fd3a00a9000-7fd3a01aa000 rw-p 00000000 00:00 0 
7fd3a01aa000-7fd3a01ab000 ---p 00000000 00:00 0 
7fd3a01ab000-7fd3a02ac000 rw-p 00000000 00:00 0 
7fd3a02ac000-7fd3a02ad000 ---p 00000000 00:00 0 
7fd3a02ad000-7fd3a03ae000 rw-p 00000000 00:00 0 
7fd3a03ae000-7fd3a03af000 ---p 00000000 00:00 0 
7fd3a03af000-7fd3a04b0000 rw-p 00000000 00:00 0 
7fd3a04b0000-7fd3a04b1000 ---p 00000000 00:00 0 
7fd3a04b1000-7fd3a0d30000 rw-p 00000000 00:00 0 
7fd3a0d30000-7fd3e8000000 ---p 00000000 00:00 0 
7fd3e8000000-7fd3e8021000 rw-p 00000000 00:00 0 
7fd3e8021000-7fd3ec000000 ---p 00000000 00:00 0 
7fd3ec041000-7fd3ec410000 rw-p 00000000 00:00 0 
7fd3ec410000-7fd3f0000000 ---p 00000000 00:00 0 
7fd3f0000000-7fd3f0021000 rw-p 00000000 00:00 0 
7fd3f0021000-7fd3f4000000 ---p 00000000 00:00 0 
7fd3f4000000-7fd3f4021000 rw-p 00000000 00:00 0 
7fd3f4021000-7fd3f8000000 ---p 00000000 00:00 0 
7fd3f8000000-7fd3f8021000 rw-p 00000000 00:00 0 
7fd3f8021000-7fd3fc000000 ---p 00000000 00:00 0 
7fd3fc000000-7fd3fc021000 rw-p 00000000 00:00 0 
7fd3fc021000-7fd400000000 ---p 00000000 00:00 0 
7fd400000000-7fd400021000 rw-p 00000000 00:00 0 
7fd400021000-7fd404000000 ---p 00000000 00:00 0 
7fd404000000-7fd404021000 rw-p 00000000 00:00 0 
7fd404021000-7fd408000000 ---p 00000000 00:00 0 
7fd408000000-7fd408021000 rw-p 00000000 00:00 0 
7fd408021000-7fd40c000000 ---p 00000000 00:00 0 
7fd40c000000-7fd40c021000 rw-p 00000000 00:00 0 
7fd40c021000-7fd410000000 ---p 00000000 00:00 0 
7fd410000000-7fd410021000 rw-p 00000000 00:00 0 
7fd410021000-7fd414000000 ---p 00000000 00:00 0 
7fd414000000-7fd414021000 rw-p 00000000 00:00 0 
7fd414021000-7fd418000000 ---p 00000000 00:00 0 
7fd418000000-7fd418021000 rw-p 00000000 00:00 0 
7fd418021000-7fd41c000000 ---p 00000000 00:00 0 
7fd41c000000-7fd41c021000 rw-p 00000000 00:00 0 
7fd41c021000-7fd420000000 ---p 00000000 00:00 0 
7fd420000000-7fd420021000 rw-p 00000000 00:00 0 
7fd420021000-7fd424000000 ---p 00000000 00:00 0 
7fd424000000-7fd424021000 rw-p 00000000 00:00 0 
7fd424021000-7fd428000000 ---p 00000000 00:00 0 
7fd428000000-7fd428021000 rw-p 00000000 00:00 0 
7fd428021000-7fd42c000000 ---p 00000000 00:00 0 
7fd42c000000-7fd42c021000 rw-p 00000000 00:00 0 
7fd42c021000-7fd430000000 ---p 00000000 00:00 0 
7fd430000000-7fd430021000 rw-p 00000000 00:00 0 
7fd430021000-7fd434000000 ---p 00000000 00:00 0 
7fd434000000-7fd434021000 rw-p 00000000 00:00 0 
7fd434021000-7fd438000000 ---p 00000000 00:00 0 
7fd438000000-7fd438021000 rw-p 00000000 00:00 0 
7fd438021000-7fd43c000000 ---p 00000000 00:00 0 
7fd43c000000-7fd43c021000 rw-p 00000000 00:00 0 
7fd43c021000-7fd440000000 ---p 00000000 00:00 0 
7fd440000000-7fd440021000 rw-p 00000000 00:00 0 
7fd440021000-7fd444000000 ---p 00000000 00:00 0 
7fd444000000-7fd444021000 rw-p 00000000 00:00 0 
7fd444021000-7fd448000000 ---p 00000000 00:00 0 
7fd448000000-7fd448021000 rw-p 00000000 00:00 0 
7fd448021000-7fd44c000000 ---p 00000000 00:00 0 
7fd44c000000-7fd44c021000 rw-p 00000000 00:00 0 
7fd44c021000-7fd450000000 ---p 00000000 00:00 0 
7fd450000000-7fd450021000 rw-p 00000000 00:00 0 
7fd450021000-7fd454000000 ---p 00000000 00:00 0 
7fd454000000-7fd454021000 rw-p 00000000 00:00 0 
7fd454021000-7fd458000000 ---p 00000000 00:00 0 
7fd458000000-7fd458021000 rw-p 00000000 00:00 0 
7fd458021000-7fd45c000000 ---p 00000000 00:00 0 
7fd45c000000-7fd45c021000 rw-p 00000000 00:00 0 
7fd45c021000-7fd460000000 ---p 00000000 00:00 0 
7fd460000000-7fd460021000 rw-p 00000000 00:00 0 
7fd460021000-7fd464000000 ---p 00000000 00:00 0 
7fd464000000-7fd464021000 rw-p 00000000 00:00 0 
7fd464021000-7fd468000000 ---p 00000000 00:00 0 
7fd468000000-7fd468021000 rw-p 00000000 00:00 0 
7fd468021000-7fd46c000000 ---p 00000000 00:00 0 
7fd46c000000-7fd46c021000 rw-p 00000000 00:00 0 
7fd46c021000-7fd470000000 ---p 00000000 00:00 0 
7fd470000000-7fd470021000 rw-p 00000000 00:00 0 
7fd470021000-7fd474000000 ---p 00000000 00:00 0 
7fd474000000-7fd474021000 rw-p 00000000 00:00 0 
7fd474021000-7fd478000000 ---p 00000000 00:00 0 
7fd478000000-7fd478021000 rw-p 00000000 00:00 0 
7fd478021000-7fd47c000000 ---p 00000000 00:00 0 
7fd47c000000-7fd47c021000 rw-p 00000000 00:00 0 
7fd47c021000-7fd480000000 ---p 00000000 00:00 0 
7fd480000000-7fd480021000 rw-p 00000000 00:00 0 
7fd480021000-7fd484000000 ---p 00000000 00:00 0 
7fd484000000-7fd484021000 rw-p 00000000 00:00 0 
7fd484021000-7fd488000000 ---p 00000000 00:00 0 
7fd488000000-7fd488021000 rw-p 00000000 00:00 0 
7fd488021000-7fd48c000000 ---p 00000000 00:00 0 
7fd48c000000-7fd48c021000 rw-p 00000000 00:00 0 
7fd48c021000-7fd490000000 ---p 00000000 00:00 0 
7fd490000000-7fd490021000 rw-p 00000000 00:00 0 
7fd490021000-7fd494000000 ---p 00000000 00:00 0 
7fd494000000-7fd494021000 rw-p 00000000 00:00 0 
7fd494021000-7fd498000000 ---p 00000000 00:00 0 
7fd498000000-7fd498021000 rw-p 00000000 00:00 0 
7fd498021000-7fd49c000000 ---p 00000000 00:00 0 
7fd49c0a5000-7fd49c0a6000 ---p 00000000 00:00 0 
7fd49c0a6000-7fd49c297000 rw-p 00000000 00:00 0 
7fd49c297000-7fd49c298000 ---p 00000000 00:00 0 
7fd49c298000-7fd49c399000 rw-p 00000000 00:00 0 
7fd49c399000-7fd49c39a000 ---p 00000000 00:00 0 
7fd49c39a000-7fd49c49b000 rw-p 00000000 00:00 0 
7fd49c49b000-7fd49c49c000 ---p 00000000 00:00 0 
7fd49c49c000-7fd49c59d000 rw-p 00000000 00:00 0 
7fd49c59d000-7fd49c59e000 ---p 00000000 00:00 0 
7fd49c59e000-7fd49c69f000 rw-p 00000000 00:00 0 
7fd49c69f000-7fd49c6a0000 ---p 00000000 00:00 0 
7fd49c6a0000-7fd49c7a1000 rw-p 00000000 00:00 0 
7fd49c7a1000-7fd49c7a2000 ---p 00000000 00:00 0 
7fd49c7a2000-7fd49c8a3000 rw-p 00000000 00:00 0 
7fd49c8a3000-7fd49c8a4000 ---p 00000000 00:00 0 
7fd49c8a4000-7fd49c9a5000 rw-p 00000000 00:00 0 
7fd49c9a5000-7fd49c9a6000 ---p 00000000 00:00 0 
7fd49c9a6000-7fd49caa7000 rw-p 00000000 00:00 0 
7fd49caa7000-7fd49caa8000 ---p 00000000 00:00 0 
7fd49caa8000-7fd49cba9000 rw-p 00000000 00:00 0 
7fd49cba9000-7fd49cbaa000 ---p 00000000 00:00 0 
7fd49cbaa000-7fd49ccab000 rw-p 00000000 00:00 0 
7fd49ccab000-7fd49ccac000 ---p 00000000 00:00 0 
7fd49ccac000-7fd49cdad000 rw-p 00000000 00:00 0 
7fd49cdad000-7fd49cdae000 ---p 00000000 00:00 0 
7fd49cdae000-7fd49ceaf000 rw-p 00000000 00:00 0 
7fd49ceaf000-7fd49ceb0000 ---p 00000000 00:00 0 
7fd49ceb0000-7fd49cfb1000 rw-p 00000000 00:00 0 
7fd49cfb1000-7fd49cfb2000 ---p 00000000 00:00 0 
7fd49cfb2000-7fd49d0b3000 rw-p 00000000 00:00 0 
7fd49d0b3000-7fd49d0b4000 ---p 00000000 00:00 0 
7fd49d0b4000-7fd49d1b5000 rw-p 00000000 00:00 0 
7fd49d1b5000-7fd49d1b6000 ---p 00000000 00:00 0 
7fd49d1b6000-7fd49d2b7000 rw-p 00000000 00:00 0 
7fd49d2b7000-7fd49d2b8000 ---p 00000000 00:00 0 
7fd49d2b8000-7fd49d3b9000 rw-p 00000000 00:00 0 
7fd49d3b9000-7fd49d3ba000 ---p 00000000 00:00 0 
7fd49d3ba000-7fd49d4bb000 rw-p 00000000 00:00 0 
7fd49d4bb000-7fd49d4bc000 ---p 00000000 00:00 0 
7fd49d4bc000-7fd49d5bd000 rw-p 00000000 00:00 0 
7fd49d5bd000-7fd49d5be000 ---p 00000000 00:00 0 
7fd49d5be000-7fd49d6bf000 rw-p 00000000 00:00 0 
7fd49d6bf000-7fd49d6c0000 ---p 00000000 00:00 0 
7fd49d6c0000-7fd49d7c1000 rw-p 00000000 00:00 0 
7fd49d7c1000-7fd49d7c2000 ---p 00000000 00:00 0 
7fd49d7c2000-7fd49d8c3000 rw-p 00000000 00:00 0 
7fd49d8c3000-7fd49d8c4000 ---p 00000000 00:00 0 
7fd49d8c4000-7fd49d9c5000 rw-p 00000000 00:00 0 
7fd49d9c5000-7fd49d9c6000 ---p 00000000 00:00 0 
7fd49d9c6000-7fd49dac7000 rw-p 00000000 00:00 0 
7fd49dac7000-7fd49dac8000 ---p 00000000 00:00 0 
7fd49dac8000-7fd49dbc9000 rw-p 00000000 00:00 0 
7fd49dbc9000-7fd49dbca000 ---p 00000000 00:00 0 
7fd49dbca000-7fd49dccb000 rw-p 00000000 00:00 0 
7fd49dccb000-7fd49dccc000 ---p 00000000 00:00 0 
7fd49dccc000-7fd49ddcd000 rw-p 00000000 00:00 0 
7fd49ddcd000-7fd49ddce000 ---p 00000000 00:00 0 
7fd49ddce000-7fd49decf000 rw-p 00000000 00:00 0 
7fd49decf000-7fd49ded0000 ---p 00000000 00:00 0 
7fd49ded0000-7fd49dfd1000 rw-p 00000000 00:00 0 
7fd49dfd1000-7fd49dfd2000 ---p 00000000 00:00 0 
7fd49dfd2000-7fd49e0d3000 rw-p 00000000 00:00 0 
7fd49e0d3000-7fd49e0d4000 ---p 00000000 00:00 0 
7fd49e0d4000-7fd49e1d5000 rw-p 00000000 00:00 0 
7fd49e1d5000-7fd49e1d6000 ---p 00000000 00:00 0 
7fd49e1d6000-7fd49e2d7000 rw-p 00000000 00:00 0 
7fd49e2d7000-7fd49e2d8000 ---p 00000000 00:00 0 
7fd49e2d8000-7fd49e3d9000 rw-p 00000000 00:00 0 
7fd49e3d9000-7fd49e3da000 ---p 00000000 00:00 0 
7fd49e3da000-7fd49e4db000 rw-p 00000000 00:00 0 
7fd49e4db000-7fd49e4dc000 ---p 00000000 00:00 0 
7fd49e4dc000-7fd49e5dd000 rw-p 00000000 00:00 0 
7fd49e5dd000-7fd49e5de000 ---p 00000000 00:00 0 
7fd49e5de000-7fd49e6df000 rw-p 00000000 00:00 0 
7fd49e6df000-7fd49e6e0000 ---p 00000000 00:00 0 
7fd49e6e0000-7fd49e7e1000 rw-p 00000000 00:00 0 
7fd49e7e1000-7fd49e7e2000 ---p 00000000 00:00 0 
7fd49e7e2000-7fd49e8e3000 rw-p 00000000 00:00 0 
7fd49e8e3000-7fd49e8e4000 ---p 00000000 00:00 0 
7fd49e8e4000-7fd49e9e5000 rw-p 00000000 00:00 0 
7fd49e9e5000-7fd49e9e6000 ---p 00000000 00:00 0 
7fd49e9e6000-7fd49eae7000 rw-p 00000000 00:00 0 
7fd49eae7000-7fd49eae8000 ---p 00000000 00:00 0 
7fd49eae8000-7fd49ebe9000 rw-p 00000000 00:00 0 
7fd49ebe9000-7fd49ebea000 ---p 00000000 00:00 0 
7fd49ebea000-7fd49eceb000 rw-p 00000000 00:00 0 
7fd49eceb000-7fd49ecec000 ---p 00000000 00:00 0 
7fd49ecec000-7fd49eded000 rw-p 00000000 00:00 0 
7fd49eded000-7fd49edee000 ---p 00000000 00:00 0 
7fd49edee000-7fd4a0000000 rw-p 00000000 00:00 0 
7fd4a0000000-7fd4a0021000 rw-p 00000000 00:00 0 
7fd4a0021000-7fd4a4000000 ---p 00000000 00:00 0 
7fd4a4000000-7fd4a4021000 rw-p 00000000 00:00 0 
7fd4a4021000-7fd4a8000000 ---p 00000000 00:00 0 
7fd4a8000000-7fd4a8021000 rw-p 00000000 00:00 0 
7fd4a8021000-7fd4ac000000 ---p 00000000 00:00 0 
7fd4ac000000-7fd4ac021000 rw-p 00000000 00:00 0 
7fd4ac021000-7fd4b0000000 ---p 00000000 00:00 0 
7fd4b0000000-7fd4b0021000 rw-p 00000000 00:00 0 
7fd4b0021000-7fd4b4000000 ---p 00000000 00:00 0 
7fd4b4000000-7fd4b4021000 rw-p 00000000 00:00 0 
7fd4b4021000-7fd4b8000000 ---p 00000000 00:00 0 
7fd4b8000000-7fd4b8021000 rw-p 00000000 00:00 0 
7fd4b8021000-7fd4bc000000 ---p 00000000 00:00 0 
7fd4bc000000-7fd4bc021000 rw-p 00000000 00:00 0 
7fd4bc021000-7fd4c0000000 ---p 00000000 00:00 0 
7fd4c0000000-7fd4c0021000 rw-p 00000000 00:00 0 
7fd4c0021000-7fd4c4000000 ---p 00000000 00:00 0 
7fd4c4000000-7fd4c4021000 rw-p 00000000 00:00 0 
7fd4c4021000-7fd4c8000000 ---p 00000000 00:00 0 
7fd4c8000000-7fd4c8021000 rw-p 00000000 00:00 0 
7fd4c8021000-7fd4cc000000 ---p 00000000 00:00 0 
7fd4cc000000-7fd4cc021000 rw-p 00000000 00:00 0 
7fd4cc021000-7fd4d0000000 ---p 00000000 00:00 0 
7fd4d0000000-7fd4d0021000 rw-p 00000000 00:00 0 
7fd4d0021000-7fd4d4000000 ---p 00000000 00:00 0 
7fd4d4000000-7fd4d4021000 rw-p 00000000 00:00 0 
7fd4d4021000-7fd4d8000000 ---p 00000000 00:00 0 
7fd4d8000000-7fd4d8021000 rw-p 00000000 00:00 0 
7fd4d8021000-7fd4dc000000 ---p 00000000 00:00 0 
7fd4dc000000-7fd4dc021000 rw-p 00000000 00:00 0 
7fd4dc021000-7fd4e0000000 ---p 00000000 00:00 0 
7fd4e0000000-7fd4e0021000 rw-p 00000000 00:00 0 
7fd4e0021000-7fd4e4000000 ---p 00000000 00:00 0 
7fd4e4000000-7fd4e4021000 rw-p 00000000 00:00 0 
7fd4e4021000-7fd4e8000000 ---p 00000000 00:00 0 
7fd4e8000000-7fd4e8021000 rw-p 00000000 00:00 0 
7fd4e8021000-7fd4ec000000 ---p 00000000 00:00 0 
7fd4ec000000-7fd4ec021000 rw-p 00000000 00:00 0 
7fd4ec021000-7fd4f0000000 ---p 00000000 00:00 0 
7fd4f0000000-7fd4f0021000 rw-p 00000000 00:00 0 
7fd4f0021000-7fd4f4000000 ---p 00000000 00:00 0 
7fd4f4000000-7fd4f4021000 rw-p 00000000 00:00 0 
7fd4f4021000-7fd4f8000000 ---p 00000000 00:00 0 
7fd4f8000000-7fd4f8021000 rw-p 00000000 00:00 0 
7fd4f8021000-7fd4fc000000 ---p 00000000 00:00 0 
7fd4fc000000-7fd4fc021000 rw-p 00000000 00:00 0 
7fd4fc021000-7fd500000000 ---p 00000000 00:00 0 
7fd500000000-7fd500021000 rw-p 00000000 00:00 0 
7fd500021000-7fd504000000 ---p 00000000 00:00 0 
7fd504000000-7fd504021000 rw-p 00000000 00:00 0 
7fd504021000-7fd508000000 ---p 00000000 00:00 0 
7fd508000000-7fd508021000 rw-p 00000000 00:00 0 
7fd508021000-7fd50c000000 ---p 00000000 00:00 0 
7fd50c000000-7fd50c021000 rw-p 00000000 00:00 0 
7fd50c021000-7fd510000000 ---p 00000000 00:00 0 
7fd510000000-7fd510021000 rw-p 00000000 00:00 0 
7fd510021000-7fd514000000 ---p 00000000 00:00 0 
7fd514000000-7fd514021000 rw-p 00000000 00:00 0 
7fd514021000-7fd518000000 ---p 00000000 00:00 0 
7fd518000000-7fd518021000 rw-p 00000000 00:00 0 
7fd518021000-7fd51c000000 ---p 00000000 00:00 0 
7fd51c000000-7fd51c021000 rw-p 00000000 00:00 0 
7fd51c021000-7fd520000000 ---p 00000000 00:00 0 
7fd520000000-7fd520021000 rw-p 00000000 00:00 0 
7fd520021000-7fd524000000 ---p 00000000 00:00 0 
7fd524000000-7fd524021000 rw-p 00000000 00:00 0 
7fd524021000-7fd528000000 ---p 00000000 00:00 0 
7fd528000000-7fd528021000 rw-p 00000000 00:00 0 
7fd528021000-7fd52c000000 ---p 00000000 00:00 0 
7fd52c000000-7fd52c021000 rw-p 00000000 00:00 0 
7fd52c021000-7fd530000000 ---p 00000000 00:00 0 
7fd530000000-7fd530021000 rw-p 00000000 00:00 0 
7fd530021000-7fd534000000 ---p 00000000 00:00 0 
7fd534000000-7fd534021000 rw-p 00000000 00:00 0 
7fd534021000-7fd538000000 ---p 00000000 00:00 0 
7fd538000000-7fd538021000 rw-p 00000000 00:00 0 
7fd538021000-7fd53c000000 ---p 00000000 00:00 0 
7fd53c000000-7fd53c021000 rw-p 00000000 00:00 0 
7fd53c021000-7fd540000000 ---p 00000000 00:00 0 
7fd540000000-7fd540021000 rw-p 00000000 00:00 0 
7fd540021000-7fd544000000 ---p 00000000 00:00 0 
7fd544000000-7fd544021000 rw-p 00000000 00:00 0 
7fd544021000-7fd548000000 ---p 00000000 00:00 0 
7fd548000000-7fd548021000 rw-p 00000000 00:00 0 
7fd548021000-7fd54c000000 ---p 00000000 00:00 0 
7fd54c02c000-7fd54da46000 rw-p 00000000 00:00 0 
7fd54da46000-7fd54da47000 ---p 00000000 00:00 0 
7fd54da47000-7fd54db48000 rw-p 00000000 00:00 0 
7fd54db48000-7fd54ddb8000 rwxp 00000000 00:00 0 
7fd54ddb8000-7fd54e3a5000 ---p 00000000 00:00 0 
7fd54e3a5000-7fd54e615000 rwxp 00000000 00:00 0 
7fd54e615000-7fd555776000 ---p 00000000 00:00 0 
7fd555776000-7fd5559e6000 rwxp 00000000 00:00 0 
7fd5559e6000-7fd55cb48000 ---p 00000000 00:00 0 
7fd55cb48000-7fd568000000 r--s 00000000 fd:00 15084914                   /home/cseadmin/java/jdk-9/lib/modules
7fd568000000-7fd568138000 rw-p 00000000 00:00 0 
7fd568138000-7fd56c000000 ---p 00000000 00:00 0 
7fd56c054000-7fd56c055000 ---p 00000000 00:00 0 
7fd56c055000-7fd56c156000 rw-p 00000000 00:00 0 
7fd56c156000-7fd56c157000 ---p 00000000 00:00 0 
7fd56c157000-7fd56c258000 rw-p 00000000 00:00 0 
7fd56c258000-7fd56c259000 ---p 00000000 00:00 0 
7fd56c259000-7fd56c35a000 rw-p 00000000 00:00 0 
7fd56c35a000-7fd56c35b000 ---p 00000000 00:00 0 
7fd56c35b000-7fd56c45c000 rw-p 00000000 00:00 0 
7fd56c45c000-7fd56c45d000 ---p 00000000 00:00 0 
7fd56c45d000-7fd56c55e000 rw-p 00000000 00:00 0 
7fd56c55e000-7fd56c55f000 ---p 00000000 00:00 0 
7fd56c55f000-7fd56c660000 rw-p 00000000 00:00 0 
7fd56c660000-7fd56c661000 ---p 00000000 00:00 0 
7fd56c661000-7fd56c762000 rw-p 00000000 00:00 0 
7fd56c762000-7fd56c763000 ---p 00000000 00:00 0 
7fd56c763000-7fd56c864000 rw-p 00000000 00:00 0 
7fd56c864000-7fd56c865000 ---p 00000000 00:00 0 
7fd56c865000-7fd56c966000 rw-p 00000000 00:00 0 
7fd56c966000-7fd56c967000 ---p 00000000 00:00 0 
7fd56c967000-7fd56ca68000 rw-p 00000000 00:00 0 
7fd56ca68000-7fd56ca69000 ---p 00000000 00:00 0 
7fd56ca69000-7fd56cb6a000 rw-p 00000000 00:00 0 
7fd56cb6a000-7fd56cb6b000 ---p 00000000 00:00 0 
7fd56cb6b000-7fd56cc6c000 rw-p 00000000 00:00 0 
7fd56cc6c000-7fd56cc6d000 ---p 00000000 00:00 0 
7fd56cc6d000-7fd56cd6e000 rw-p 00000000 00:00 0 
7fd56cd6e000-7fd56cd6f000 ---p 00000000 00:00 0 
7fd56cd6f000-7fd56ce70000 rw-p 00000000 00:00 0 
7fd56ce70000-7fd56ce71000 ---p 00000000 00:00 0 
7fd56ce71000-7fd56cf72000 rw-p 00000000 00:00 0 
7fd56cf72000-7fd56cf73000 ---p 00000000 00:00 0 
7fd56cf73000-7fd56d074000 rw-p 00000000 00:00 0 
7fd56d074000-7fd56d075000 ---p 00000000 00:00 0 
7fd56d075000-7fd56d176000 rw-p 00000000 00:00 0 
7fd56d176000-7fd56d177000 ---p 00000000 00:00 0 
7fd56d177000-7fd56d278000 rw-p 00000000 00:00 0 
7fd56d278000-7fd56d279000 ---p 00000000 00:00 0 
7fd56d279000-7fd56d37a000 rw-p 00000000 00:00 0 
7fd56d37a000-7fd56d37b000 ---p 00000000 00:00 0 
7fd56d37b000-7fd56d47c000 rw-p 00000000 00:00 0 
7fd56d47c000-7fd56d47d000 ---p 00000000 00:00 0 
7fd56d47d000-7fd56d57e000 rw-p 00000000 00:00 0 
7fd56d57e000-7fd56d57f000 ---p 00000000 00:00 0 
7fd56d57f000-7fd56d680000 rw-p 00000000 00:00 0 
7fd56d680000-7fd56d681000 ---p 00000000 00:00 0 
7fd56d681000-7fd56d782000 rw-p 00000000 00:00 0 
7fd56d782000-7fd56d783000 ---p 00000000 00:00 0 
7fd56d783000-7fd56d884000 rw-p 00000000 00:00 0 
7fd56d884000-7fd56d885000 ---p 00000000 00:00 0 
7fd56d885000-7fd56d986000 rw-p 00000000 00:00 0 
7fd56d986000-7fd56d987000 ---p 00000000 00:00 0 
7fd56d987000-7fd56da88000 rw-p 00000000 00:00 0 
7fd56da88000-7fd56da89000 ---p 00000000 00:00 0 
7fd56da89000-7fd56db8a000 rw-p 00000000 00:00 0 
7fd56db8a000-7fd56db8b000 ---p 00000000 00:00 0 
7fd56db8b000-7fd56dc8c000 rw-p 00000000 00:00 0 
7fd56dc8c000-7fd56dc8d000 ---p 00000000 00:00 0 
7fd56dc8d000-7fd56dd8e000 rw-p 00000000 00:00 0 
7fd56dd8e000-7fd56dd8f000 ---p 00000000 00:00 0 
7fd56dd8f000-7fd56de90000 rw-p 00000000 00:00 0 
7fd56de90000-7fd56de91000 ---p 00000000 00:00 0 
7fd56de91000-7fd56df92000 rw-p 00000000 00:00 0 
7fd56df92000-7fd56df93000 ---p 00000000 00:00 0 
7fd56df93000-7fd56e094000 rw-p 00000000 00:00 0 
7fd56e094000-7fd56e095000 ---p 00000000 00:00 0 
7fd56e095000-7fd56e196000 rw-p 00000000 00:00 0 
7fd56e196000-7fd56e197000 ---p 00000000 00:00 0 
7fd56e197000-7fd56e298000 rw-p 00000000 00:00 0 
7fd56e298000-7fd56e299000 ---p 00000000 00:00 0 
7fd56e299000-7fd56e39a000 rw-p 00000000 00:00 0 
7fd56e39a000-7fd56e39b000 ---p 00000000 00:00 0 
7fd56e39b000-7fd56e49c000 rw-p 00000000 00:00 0 
7fd56e49c000-7fd56e49d000 ---p 00000000 00:00 0 
7fd56e49d000-7fd56e59e000 rw-p 00000000 00:00 0 
7fd56e59e000-7fd56e59f000 ---p 00000000 00:00 0 
7fd56e59f000-7fd56e6a0000 rw-p 00000000 00:00 0 
7fd56e6a0000-7fd56e6a1000 ---p 00000000 00:00 0 
7fd56e6a1000-7fd56e7a2000 rw-p 00000000 00:00 0 
7fd56e7a2000-7fd56e7a3000 ---p 00000000 00:00 0 
7fd56e7a3000-7fd56e8a4000 rw-p 00000000 00:00 0 
7fd56e8a4000-7fd56e8a5000 ---p 00000000 00:00 0 
7fd56e8a5000-7fd56e9a6000 rw-p 00000000 00:00 0 
7fd56e9a6000-7fd56e9a7000 ---p 00000000 00:00 0 
7fd56e9a7000-7fd56eaad000 rw-p 00000000 00:00 0 
7fd56eaad000-7fd56eb90000 ---p 00000000 00:00 0 
7fd56eb90000-7fd56eb95000 rw-p 00000000 00:00 0 
7fd56eb95000-7fd56ec78000 ---p 00000000 00:00 0 
7fd56ec78000-7fd56ec92000 r-xp 00000000 fd:00 16692989                   /home/cseadmin/java/jdk-9/lib/libjimage.so
7fd56ec92000-7fd56ee91000 ---p 0001a000 fd:00 16692989                   /home/cseadmin/java/jdk-9/lib/libjimage.so
7fd56ee91000-7fd56ee93000 rw-p 00019000 fd:00 16692989                   /home/cseadmin/java/jdk-9/lib/libjimage.so
7fd56ee93000-7fd56eea5000 rw-p 00000000 00:00 0 
7fd56eea5000-7fd56eeac000 r-xp 00000000 fd:00 16692982                   /home/cseadmin/java/jdk-9/lib/libzip.so
7fd56eeac000-7fd56f0ab000 ---p 00007000 fd:00 16692982                   /home/cseadmin/java/jdk-9/lib/libzip.so
7fd56f0ab000-7fd56f0ac000 rw-p 00006000 fd:00 16692982                   /home/cseadmin/java/jdk-9/lib/libzip.so
7fd56f0ac000-7fd56f0b7000 r-xp 00000000 fd:00 4194645                    /lib/x86_64-linux-gnu/libnss_files-2.27.so
7fd56f0b7000-7fd56f2b6000 ---p 0000b000 fd:00 4194645                    /lib/x86_64-linux-gnu/libnss_files-2.27.so
7fd56f2b6000-7fd56f2b7000 r--p 0000a000 fd:00 4194645                    /lib/x86_64-linux-gnu/libnss_files-2.27.so
7fd56f2b7000-7fd56f2b8000 rw-p 0000b000 fd:00 4194645                    /lib/x86_64-linux-gnu/libnss_files-2.27.so
7fd56f2b8000-7fd56f2be000 rw-p 00000000 00:00 0 
7fd56f2be000-7fd56f2d5000 r-xp 00000000 fd:00 4194639                    /lib/x86_64-linux-gnu/libnsl-2.27.so
7fd56f2d5000-7fd56f4d4000 ---p 00017000 fd:00 4194639                    /lib/x86_64-linux-gnu/libnsl-2.27.so
7fd56f4d4000-7fd56f4d5000 r--p 00016000 fd:00 4194639                    /lib/x86_64-linux-gnu/libnsl-2.27.so
7fd56f4d5000-7fd56f4d6000 rw-p 00017000 fd:00 4194639                    /lib/x86_64-linux-gnu/libnsl-2.27.so
7fd56f4d6000-7fd56f4d8000 rw-p 00000000 00:00 0 
7fd56f4d8000-7fd56f4e3000 r-xp 00000000 fd:00 4194649                    /lib/x86_64-linux-gnu/libnss_nis-2.27.so
7fd56f4e3000-7fd56f6e2000 ---p 0000b000 fd:00 4194649                    /lib/x86_64-linux-gnu/libnss_nis-2.27.so
7fd56f6e2000-7fd56f6e3000 r--p 0000a000 fd:00 4194649                    /lib/x86_64-linux-gnu/libnss_nis-2.27.so
7fd56f6e3000-7fd56f6e4000 rw-p 0000b000 fd:00 4194649                    /lib/x86_64-linux-gnu/libnss_nis-2.27.so
7fd56f6e4000-7fd56f6ec000 r-xp 00000000 fd:00 4194641                    /lib/x86_64-linux-gnu/libnss_compat-2.27.so
7fd56f6ec000-7fd56f8ec000 ---p 00008000 fd:00 4194641                    /lib/x86_64-linux-gnu/libnss_compat-2.27.so
7fd56f8ec000-7fd56f8ed000 r--p 00008000 fd:00 4194641                    /lib/x86_64-linux-gnu/libnss_compat-2.27.so
7fd56f8ed000-7fd56f8ee000 rw-p 00009000 fd:00 4194641                    /lib/x86_64-linux-gnu/libnss_compat-2.27.so
7fd56f8ee000-7fd56f919000 r-xp 00000000 fd:00 16692945                   /home/cseadmin/java/jdk-9/lib/libjava.so
7fd56f919000-7fd56fb18000 ---p 0002b000 fd:00 16692945                   /home/cseadmin/java/jdk-9/lib/libjava.so
7fd56fb18000-7fd56fb1a000 rw-p 0002a000 fd:00 16692945                   /home/cseadmin/java/jdk-9/lib/libjava.so
7fd56fb1a000-7fd56fb27000 r-xp 00000000 fd:00 12249915                   /home/cseadmin/java/jdk-9/lib/libverify.so
7fd56fb27000-7fd56fd26000 ---p 0000d000 fd:00 12249915                   /home/cseadmin/java/jdk-9/lib/libverify.so
7fd56fd26000-7fd56fd28000 rw-p 0000c000 fd:00 12249915                   /home/cseadmin/java/jdk-9/lib/libverify.so
7fd56fd28000-7fd56fd2f000 r-xp 00000000 fd:00 4194671                    /lib/x86_64-linux-gnu/librt-2.27.so
7fd56fd2f000-7fd56ff2e000 ---p 00007000 fd:00 4194671                    /lib/x86_64-linux-gnu/librt-2.27.so
7fd56ff2e000-7fd56ff2f000 r--p 00006000 fd:00 4194671                    /lib/x86_64-linux-gnu/librt-2.27.so
7fd56ff2f000-7fd56ff30000 rw-p 00007000 fd:00 4194671                    /lib/x86_64-linux-gnu/librt-2.27.so
7fd56ff30000-7fd5700cd000 r-xp 00000000 fd:00 4194624                    /lib/x86_64-linux-gnu/libm-2.27.so
7fd5700cd000-7fd5702cc000 ---p 0019d000 fd:00 4194624                    /lib/x86_64-linux-gnu/libm-2.27.so
7fd5702cc000-7fd5702cd000 r--p 0019c000 fd:00 4194624                    /lib/x86_64-linux-gnu/libm-2.27.so
7fd5702cd000-7fd5702ce000 rw-p 0019d000 fd:00 4194624                    /lib/x86_64-linux-gnu/libm-2.27.so
7fd5702ce000-7fd5712d1000 r-xp 00000000 fd:00 408592453                  /home/cseadmin/java/jdk-9/lib/server/libjvm.so
7fd5712d1000-7fd5714d0000 ---p 01003000 fd:00 408592453                  /home/cseadmin/java/jdk-9/lib/server/libjvm.so
7fd5714d0000-7fd5715a1000 r--p 01002000 fd:00 408592453                  /home/cseadmin/java/jdk-9/lib/server/libjvm.so
7fd5715a1000-7fd5715d8000 rw-p 010d3000 fd:00 408592453                  /home/cseadmin/java/jdk-9/lib/server/libjvm.so
7fd5715d8000-7fd571641000 rw-p 00000000 00:00 0 
7fd571641000-7fd571828000 r-xp 00000000 fd:00 4194546                    /lib/x86_64-linux-gnu/libc-2.27.so
7fd571828000-7fd571a28000 ---p 001e7000 fd:00 4194546                    /lib/x86_64-linux-gnu/libc-2.27.so
7fd571a28000-7fd571a2c000 r--p 001e7000 fd:00 4194546                    /lib/x86_64-linux-gnu/libc-2.27.so
7fd571a2c000-7fd571a2e000 rw-p 001eb000 fd:00 4194546                    /lib/x86_64-linux-gnu/libc-2.27.so
7fd571a2e000-7fd571a32000 rw-p 00000000 00:00 0 
7fd571a32000-7fd571a35000 r-xp 00000000 fd:00 4194563                    /lib/x86_64-linux-gnu/libdl-2.27.so
7fd571a35000-7fd571c34000 ---p 00003000 fd:00 4194563                    /lib/x86_64-linux-gnu/libdl-2.27.so
7fd571c34000-7fd571c35000 r--p 00002000 fd:00 4194563                    /lib/x86_64-linux-gnu/libdl-2.27.so
7fd571c35000-7fd571c36000 rw-p 00003000 fd:00 4194563                    /lib/x86_64-linux-gnu/libdl-2.27.so
7fd571c36000-7fd571c44000 r-xp 00000000 fd:00 147528784                  /home/cseadmin/java/jdk-9/lib/jli/libjli.so
7fd571c44000-7fd571e44000 ---p 0000e000 fd:00 147528784                  /home/cseadmin/java/jdk-9/lib/jli/libjli.so
7fd571e44000-7fd571e45000 rw-p 0000e000 fd:00 147528784                  /home/cseadmin/java/jdk-9/lib/jli/libjli.so
7fd571e45000-7fd571e5f000 r-xp 00000000 fd:00 4194665                    /lib/x86_64-linux-gnu/libpthread-2.27.so
7fd571e5f000-7fd57205e000 ---p 0001a000 fd:00 4194665                    /lib/x86_64-linux-gnu/libpthread-2.27.so
7fd57205e000-7fd57205f000 r--p 00019000 fd:00 4194665                    /lib/x86_64-linux-gnu/libpthread-2.27.so
7fd57205f000-7fd572060000 rw-p 0001a000 fd:00 4194665                    /lib/x86_64-linux-gnu/libpthread-2.27.so
7fd572060000-7fd572064000 rw-p 00000000 00:00 0 
7fd572064000-7fd572080000 r-xp 00000000 fd:00 4194696                    /lib/x86_64-linux-gnu/libz.so.1.2.11
7fd572080000-7fd57227f000 ---p 0001c000 fd:00 4194696                    /lib/x86_64-linux-gnu/libz.so.1.2.11
7fd57227f000-7fd572280000 r--p 0001b000 fd:00 4194696                    /lib/x86_64-linux-gnu/libz.so.1.2.11
7fd572280000-7fd572281000 rw-p 0001c000 fd:00 4194696                    /lib/x86_64-linux-gnu/libz.so.1.2.11
7fd572281000-7fd5722a8000 r-xp 00000000 fd:00 4194522                    /lib/x86_64-linux-gnu/ld-2.27.so
7fd572384000-7fd572389000 rw-p 00000000 00:00 0 
7fd572389000-7fd572395000 ---p 00000000 00:00 0 
7fd572395000-7fd572396000 ---p 00000000 00:00 0 
7fd572396000-7fd572397000 rw-p 00000000 00:00 0 
7fd572397000-7fd57239b000 ---p 00000000 00:00 0 
7fd57239b000-7fd572498000 rw-p 00000000 00:00 0 
7fd57249b000-7fd57249c000 rw-p 00000000 00:00 0 
7fd57249c000-7fd5724a4000 rw-s 00000000 fd:00 269182760                  /tmp/hsperfdata_cseadmin/52465
7fd5724a4000-7fd5724a5000 rw-p 00000000 00:00 0 
7fd5724a5000-7fd5724a6000 r--p 00000000 00:00 0 
7fd5724a6000-7fd5724a8000 rw-p 00000000 00:00 0 
7fd5724a8000-7fd5724a9000 r--p 00027000 fd:00 4194522                    /lib/x86_64-linux-gnu/ld-2.27.so
7fd5724a9000-7fd5724aa000 rw-p 00028000 fd:00 4194522                    /lib/x86_64-linux-gnu/ld-2.27.so
7fd5724aa000-7fd5724ab000 rw-p 00000000 00:00 0 
7ffe9e6f6000-7ffe9e717000 rw-p 00000000 00:00 0                          [stack]
7ffe9e799000-7ffe9e79c000 r--p 00000000 00:00 0                          [vvar]
7ffe9e79c000-7ffe9e79e000 r-xp 00000000 00:00 0                          [vdso]
ffffffffff600000-ffffffffff601000 r-xp 00000000 00:00 0                  [vsyscall]

VM Arguments:
java_command: /home/cseadmin/sty/project2/pcg-gym/pcg_gym/envs/Mario-AI-Framework-master.jar /home/cseadmin/sty/project2/pcg-gym/pcg_gym/envs/test_pool/6380190 6869 1
java_class_path (initial): /home/cseadmin/sty/project2/pcg-gym/pcg_gym/envs/Mario-AI-Framework-master.jar
Launcher Type: SUN_STANDARD

Logging:
Log output configuration:
#0: stdout all=warning uptime,level,tags
#1: stderr all=off uptime,level,tags

Environment Variables:
JAVA_HOME=/home/cseadmin/java/jdk-9
JRE_HOME=/home/cseadmin/local/jre-9.0.4
CLASSPATH=.:$:CLASSPATH:/home/cseadmin/local/jdk-9/lib/dt.jar:/home/cseadmin/local/jdk-9/lib.tools.jar:/home/cseadmin/java/jdk-9/lib:/home/cseadmin/local/jre-9.0.4/libv
PATH=/home/cseadmin/.local/bin:/home/cseadmin/anaconda3/envs/torch/bin:/home/cseadmin/anaconda3/condabin:/usr/local/cuda-10.1/bin:/usr/local/sbin:/usr/local/bin:/usr/sbin:/usr/bin:/sbin:/bin:/usr/games:/usr/local/games:/snap/bin:/home/cseadmin/local/jdk-9/bin:/home/cseadmin/java/jdk-9/bin:/home/cseadmin/local/jre-9.0.4/bin
LD_LIBRARY_PATH=/usr/local/cuda-10.1/lib64
SHELL=/bin/bash
DISPLAY=localhost:14.0

Signal Handlers:
SIGSEGV: [libjvm.so+0xd4ce50], sa_mask[0]=11111111011111111101111111111110, sa_flags=SA_RESTART|SA_SIGINFO
SIGBUS: [libjvm.so+0xd4ce50], sa_mask[0]=11111111011111111101111111111110, sa_flags=SA_RESTART|SA_SIGINFO
SIGFPE: [libjvm.so+0xd4ce50], sa_mask[0]=11111111011111111101111111111110, sa_flags=SA_RESTART|SA_SIGINFO
SIGPIPE: [libjvm.so+0xb64420], sa_mask[0]=11111111011111111101111111111110, sa_flags=SA_RESTART|SA_SIGINFO
SIGXFSZ: [libjvm.so+0xb64420], sa_mask[0]=11111111011111111101111111111110, sa_flags=SA_RESTART|SA_SIGINFO
SIGILL: [libjvm.so+0xd4ce50], sa_mask[0]=11111111011111111101111111111110, sa_flags=SA_RESTART|SA_SIGINFO
SIGUSR2: [libjvm.so+0xb642e0], sa_mask[0]=00000000000000000000000000000000, sa_flags=SA_RESTART|SA_SIGINFO
SIGHUP: SIG_DFL, sa_mask[0]=00000000000000000000000000000000, sa_flags=none
SIGINT: SIG_IGN, sa_mask[0]=00000000000000000000000000000000, sa_flags=none
SIGTERM: SIG_DFL, sa_mask[0]=00000000000000000000000000000000, sa_flags=none
SIGQUIT: SIG_IGN, sa_mask[0]=00000000000000000000000000000000, sa_flags=none


---------------  S Y S T E M  ---------------

OS:DISTRIB_ID=Ubuntu
DISTRIB_RELEASE=18.04
DISTRIB_CODENAME=bionic
DISTRIB_DESCRIPTION="Ubuntu 18.04.4 LTS"
uname:Linux 4.15.0-76-generic #86-Ubuntu SMP Fri Jan 17 17:24:28 UTC 2020 x86_64
libc:glibc 2.27 NPTL 2.27 
rlimit: STACK 8192k, CORE 0k, NPROC 515159, NOFILE 1048576, AS infinity
load average:285.18 93.35 47.52

/proc/meminfo:
MemTotal:       132007076 kB
MemFree:          627956 kB
MemAvailable:          0 kB
Buffers:              56 kB
Cached:           246308 kB
SwapCached:            0 kB
Active:         129837668 kB
Inactive:         190704 kB
Active(anon):   129777148 kB
Inactive(anon):    17576 kB
Active(file):      60520 kB
Inactive(file):   173128 kB
Unevictable:           0 kB
Mlocked:               0 kB
SwapTotal:             0 kB
SwapFree:              0 kB
Dirty:               188 kB
Writeback:             0 kB
AnonPages:      129783924 kB
Mapped:           192356 kB
Shmem:             18932 kB
Slab:             638912 kB
SReclaimable:     177220 kB
SUnreclaim:       461692 kB
KernelStack:       66800 kB
PageTables:       298368 kB
NFS_Unstable:          0 kB
Bounce:                0 kB
WritebackTmp:          0 kB
CommitLimit:    66003536 kB
Committed_AS:   165345884 kB
VmallocTotal:   34359738367 kB
VmallocUsed:           0 kB
VmallocChunk:          0 kB
HardwareCorrupted:     0 kB
AnonHugePages:      2048 kB
ShmemHugePages:        0 kB
ShmemPmdMapped:        0 kB
CmaTotal:              0 kB
CmaFree:               0 kB
HugePages_Total:       0
HugePages_Free:        0
HugePages_Rsvd:        0
HugePages_Surp:        0
Hugepagesize:       2048 kB
DirectMap4k:     3226956 kB
DirectMap2M:    83804160 kB
DirectMap1G:    47185920 kB


CPU:total 64 (initial active 64) (1 cores per cpu, 1 threads per core) family 6 model 85 stepping 7, cmov, cx8, fxsr, mmx, sse, sse2, sse3, ssse3, sse4.1, sse4.2, popcnt, avx, avx2, aes, clmul, erms, 3dnowpref, lzcnt, tsc, tscinvbit, bmi1, bmi2, adx, fma
CPU Model and flags from /proc/cpuinfo:
model name	: Intel(R) Xeon(R) Gold 6240 CPU @ 2.60GHz
flags		: fpu vme de pse tsc msr pae mce cx8 apic sep mtrr pge mca cmov pat pse36 clflush mmx fxsr sse sse2 ss syscall nx pdpe1gb rdtscp lm constant_tsc arch_perfmon nopl xtopology tsc_reliable nonstop_tsc cpuid pni pclmulqdq ssse3 fma cx16 pcid sse4_1 sse4_2 x2apic movbe popcnt tsc_deadline_timer aes xsave avx f16c rdrand lahf_lm abm 3dnowprefetch cpuid_fault invpcid_single ssbd ibrs ibpb stibp ibrs_enhanced fsgsbase tsc_adjust bmi1 avx2 smep bmi2 invpcid mpx avx512f avx512dq rdseed adx smap clflushopt clwb avx512cd avx512bw avx512vl xsaveopt xsavec xsaves arat pku ospke md_clear flush_l1d arch_capabilities

Memory: 4k page, physical 132007076k(627336k free), swap 0k(0k free)

vm_info: Java HotSpot(TM) 64-Bit Server VM (9+181) for linux-amd64 JRE (9+181), built on Aug  3 2017 04:03:00 by "javare" with gcc 4.9.2

END.
